<?xml version="1.0" encoding="UTF-8"?>
<!-- Generated by org.testng.reporters.JUnitXMLReporter -->
<testsuite hostname="DVCGO6111947" ignored="0" name="Command line test" tests="7" failures="0" timestamp="24 Nov 2023 05:37:13 GMT" time="9.218" errors="0">
  <testcase name="DeleteRequestTest" time="1.973" classname="com.sdetlabs.masterusecase2.mcu2.RestfulWS_Test"/>
  <testcase name="GetRequestTest" time="0.912" classname="com.sdetlabs.masterusecase2.mcu2.RestfulWS_Test"/>
  <testcase name="PatchRequestTest" time="1.152" classname="com.sdetlabs.masterusecase2.mcu2.RestfulWS_Test"/>
  <testcase name="PostRequestTest" time="0.994" classname="com.sdetlabs.masterusecase2.mcu2.RestfulWS_Test"/>
  <testcase name="PutRequestTest" time="1.142" classname="com.sdetlabs.masterusecase2.mcu2.RestfulWS_Test"/>
  <testcase name="GetRequestTest" time="1.624" classname="com.sdetlabs.masterusecase2.mcu2.SoapWS_Test"/>
  <testcase name="PostRequestTest" time="0.956" classname="com.sdetlabs.masterusecase2.mcu2.SoapWS_Test"/>
</testsuite> <!-- Command line test -->
