<?xml version="1.0" encoding="UTF-8"?>
<testsuite name="Cucumber" time="7.136" tests="7" skipped="0" failures="0" errors="0">
<testcase classname="Calculator" name="Verify Status Codes of Soap Requests to Calculator site. - Example #1.1" time="1.214">
<system-out><![CDATA[
Given Calculator site.......................................................passed
When Soap Request is "Get"..................................................passed
Then the status code should be 200..........................................passed
]]></system-out>
</testcase>
<testcase classname="Calculator" name="Verify Status Codes of Soap Requests to Calculator site. - Example #1.2" time="0.973">
<system-out><![CDATA[
Given Calculator site.......................................................passed
When Soap Request is "Post".................................................passed
Then the status code should be 500..........................................passed
]]></system-out>
</testcase>
<testcase classname="JsonPlaceHolder" name="Verify Status Codes of Rest Assured Requests to Json Place Holder site. - Example #1.1" time="1.568">
<system-out><![CDATA[
Given Json Place Holder site................................................passed
When Rest Assured Request is "Get"..........................................passed
Then the status code should be 200..........................................passed
]]></system-out>
</testcase>
<testcase classname="JsonPlaceHolder" name="Verify Status Codes of Rest Assured Requests to Json Place Holder site. - Example #1.2" time="0.847">
<system-out><![CDATA[
Given Json Place Holder site................................................passed
When Rest Assured Request is "Put"..........................................passed
Then the status code should be 200..........................................passed
]]></system-out>
</testcase>
<testcase classname="JsonPlaceHolder" name="Verify Status Codes of Rest Assured Requests to Json Place Holder site. - Example #1.3" time="0.831">
<system-out><![CDATA[
Given Json Place Holder site................................................passed
When Rest Assured Request is "Post".........................................passed
Then the status code should be 201..........................................passed
]]></system-out>
</testcase>
<testcase classname="JsonPlaceHolder" name="Verify Status Codes of Rest Assured Requests to Json Place Holder site. - Example #1.4" time="0.856">
<system-out><![CDATA[
Given Json Place Holder site................................................passed
When Rest Assured Request is "Patch"........................................passed
Then the status code should be 200..........................................passed
]]></system-out>
</testcase>
<testcase classname="JsonPlaceHolder" name="Verify Status Codes of Rest Assured Requests to Json Place Holder site. - Example #1.5" time="0.688">
<system-out><![CDATA[
Given Json Place Holder site................................................passed
When Rest Assured Request is "Delete".......................................passed
Then the status code should be 200..........................................passed
]]></system-out>
</testcase>
</testsuite>
